2020-02-28 10:21:26,507 [6] INFO  Lead_MGT.Controllers.LogTest Info message
2020-02-28 10:23:34,494 [7] INFO  Lead_MGT.Controllers.LogTest Info message
2020-02-28 10:24:26,848 [5] INFO  Lead_MGT.Controllers.LogTest ExportExcel
2020-02-28 10:24:26,861 [5] INFO  Lead_MGT.Controllers.LogTest Createfile
2020-02-28 10:24:26,861 [5] INFO  Lead_MGT.Controllers.LogTest Createfile done
2020-02-28 10:48:12,448 [7] INFO  Lead_MGT.Controllers.LogTest Info message
2020-02-28 10:48:56,567 [6] INFO  Lead_MGT.Controllers.LogTest Info message
2020-02-28 10:49:12,112 [6] INFO  Lead_MGT.Controllers.LogTest ExportExcel
2020-02-28 10:49:12,124 [6] INFO  Lead_MGT.Controllers.LogTest Createfile
2020-02-28 10:49:12,125 [6] INFO  Lead_MGT.Controllers.LogTest D:\PROJECT\QLLead\QLLead\QLLead\Lead_MGT\temp\export_LeadSach292931860.xlsx
2020-02-28 10:49:12,126 [6] INFO  Lead_MGT.Controllers.LogTest Createfile done
2020-02-28 10:49:12,341 [6] INFO  Lead_MGT.Controllers.LogTest Excel2016
2020-02-28 10:49:12,792 [6] INFO  Lead_MGT.Controllers.LogTest save Done
2020-03-02 10:25:11,691 [19] INFO  Lead_MGT.Controllers.LogTest Info message
2020-03-02 10:34:55,079 [17] INFO  Lead_MGT.Controllers.LogTest Info message
2020-03-02 10:39:02,341 [13] INFO  Lead_MGT.Controllers.LogTest Info message
2020-03-02 10:51:52,599 [6] INFO  Lead_MGT.Controllers.LogTest Info message
2020-03-02 10:55:55,540 [8] INFO  Lead_MGT.Controllers.LogTest Info message
2020-03-02 10:59:09,061 [11] INFO  Lead_MGT.Controllers.LogTest Info message
2020-03-02 10:59:20,052 [11] INFO  Lead_MGT.Controllers.LogTest Info message
2020-03-02 10:59:30,854 [11] INFO  Lead_MGT.Controllers.LogTest Info message
2020-03-02 10:59:46,967 [15] INFO  Lead_MGT.Controllers.LogTest Info message
2020-03-02 11:04:04,848 [6] INFO  Lead_MGT.Controllers.LogTest Info message
2020-03-02 11:06:19,220 [6] INFO  Lead_MGT.Controllers.LogTest Info message
2020-03-02 11:06:32,972 [6] INFO  Lead_MGT.Controllers.LogTest Info message
2020-03-02 11:12:50,064 [7] INFO  Lead_MGT.Controllers.LogTest Info message
2020-03-02 11:32:58,197 [35] INFO  Lead_MGT.Controllers.LogTest Info message
2020-03-02 14:34:35,538 [55] INFO  Lead_MGT.Controllers.LogTest d?c file
2020-03-02 14:34:35,538 [55] INFO  Lead_MGT.Controllers.LogTest Lay config
2020-03-02 14:34:35,539 [55] INFO  Lead_MGT.Controllers.LogTest d?c DL
2020-03-02 14:34:35,540 [55] INFO  Lead_MGT.Controllers.LogTest 1
2020-03-02 14:34:35,540 [55] INFO  Lead_MGT.Controllers.LogTest 2
2020-03-02 14:34:35,540 [55] INFO  Lead_MGT.Controllers.LogTest 3
2020-03-02 14:34:35,540 [55] INFO  Lead_MGT.Controllers.LogTest 4
2020-03-02 14:34:35,792 [55] INFO  Lead_MGT.Controllers.LogTest 5
2020-03-02 14:34:35,839 [55] INFO  Lead_MGT.Controllers.LogTest 6
2020-03-02 14:34:35,955 [55] INFO  Lead_MGT.Controllers.LogTest 7
2020-03-02 14:34:52,831 [55] INFO  Lead_MGT.Controllers.LogTest System.Data.OleDb.OleDbException (0x80040E37): The Microsoft Access database engine could not find the object 'Sheet1$'. Make sure the object exists and that you spell its name and the path name correctly. If 'Sheet1$' is not a local object, check your network connection or contact the server administrator.
   at System.Data.OleDb.OleDbCommand.ExecuteCommandTextErrorHandling(OleDbHResult hr)
   at System.Data.OleDb.OleDbCommand.ExecuteCommandTextForSingleResult(tagDBPARAMS dbParams, Object& executeResult)
   at System.Data.OleDb.OleDbCommand.ExecuteCommandText(Object& executeResult)
   at System.Data.OleDb.OleDbCommand.ExecuteCommand(CommandBehavior behavior, Object& executeResult)
   at System.Data.OleDb.OleDbCommand.ExecuteReaderInternal(CommandBehavior behavior, String method)
   at System.Data.OleDb.OleDbCommand.ExecuteReader(CommandBehavior behavior)
   at System.Data.OleDb.OleDbCommand.System.Data.IDbCommand.ExecuteReader(CommandBehavior behavior)
   at System.Data.Common.DbDataAdapter.FillInternal(DataSet dataset, DataTable[] datatables, Int32 startRecord, Int32 maxRecords, String srcTable, IDbCommand command, CommandBehavior behavior)
   at System.Data.Common.DbDataAdapter.Fill(DataTable[] dataTables, Int32 startRecord, Int32 maxRecords, IDbCommand command, CommandBehavior behavior)
   at System.Data.Common.DbDataAdapter.Fill(DataTable dataTable)
   at Lead_MGT.Controllers.ImportLeadController.Import(HttpPostedFileBase postedFile, String postDate, String duAn, String boundCode, String sanPham) in D:\PROJECT\QLLead\QLLead\QLLead\Lead_MGT\Controllers\ImportLeadController.cs:line 119
2020-03-02 15:35:57,283 [6] INFO  Lead_MGT.Controllers.LogTest Info message
2020-03-02 15:37:05,518 [6] INFO  Lead_MGT.Controllers.LogTest ExportExcel
2020-03-02 15:37:05,952 [6] INFO  Lead_MGT.Controllers.LogTest Createfile
2020-03-02 15:37:05,952 [6] INFO  Lead_MGT.Controllers.LogTest D:\PROJECT\QLLead\QLLead\QLLead\Lead_MGT\temp\export_LeadSach1326301350.xlsx
2020-03-02 15:37:05,952 [6] INFO  Lead_MGT.Controllers.LogTest Createfile done
2020-03-02 15:37:07,073 [6] INFO  Lead_MGT.Controllers.LogTest Excel2016
2020-03-02 15:37:07,856 [6] INFO  Lead_MGT.Controllers.LogTest save Done
2020-03-02 16:13:17,415 [6] INFO  Lead_MGT.Controllers.LogTest Info message
2020-03-02 16:13:45,162 [8] INFO  Lead_MGT.Controllers.LogTest d?c file
2020-03-02 16:13:45,162 [8] INFO  Lead_MGT.Controllers.LogTest Lay config
2020-03-02 16:13:45,163 [8] INFO  Lead_MGT.Controllers.LogTest d?c DL
2020-03-02 16:13:45,164 [8] INFO  Lead_MGT.Controllers.LogTest 1
2020-03-02 16:13:45,164 [8] INFO  Lead_MGT.Controllers.LogTest 2
2020-03-02 16:13:45,164 [8] INFO  Lead_MGT.Controllers.LogTest 3
2020-03-02 16:13:45,164 [8] INFO  Lead_MGT.Controllers.LogTest 4
2020-03-02 16:13:45,286 [8] INFO  Lead_MGT.Controllers.LogTest 5
2020-03-02 16:13:45,331 [8] INFO  Lead_MGT.Controllers.LogTest 6
2020-03-02 16:13:45,396 [8] INFO  Lead_MGT.Controllers.LogTest 7
2020-03-02 16:13:45,441 [8] INFO  Lead_MGT.Controllers.LogTest 
2020-03-02 16:13:45,443 [8] INFO  Lead_MGT.Controllers.LogTest Luu DL
2020-03-02 16:14:00,405 [6] INFO  Lead_MGT.Controllers.LogTest d?c file
2020-03-02 16:14:00,406 [6] INFO  Lead_MGT.Controllers.LogTest Lay config
2020-03-02 16:14:00,406 [6] INFO  Lead_MGT.Controllers.LogTest d?c DL
2020-03-02 16:14:00,406 [6] INFO  Lead_MGT.Controllers.LogTest 1
2020-03-02 16:14:00,406 [6] INFO  Lead_MGT.Controllers.LogTest 2
2020-03-02 16:14:00,406 [6] INFO  Lead_MGT.Controllers.LogTest 3
2020-03-02 16:14:00,406 [6] INFO  Lead_MGT.Controllers.LogTest 4
2020-03-02 16:14:00,477 [6] INFO  Lead_MGT.Controllers.LogTest 5
2020-03-02 16:14:00,518 [6] INFO  Lead_MGT.Controllers.LogTest 6
2020-03-02 16:14:00,580 [6] INFO  Lead_MGT.Controllers.LogTest 7
2020-03-02 16:14:00,621 [6] INFO  Lead_MGT.Controllers.LogTest 
2020-03-02 16:14:00,621 [6] INFO  Lead_MGT.Controllers.LogTest Luu DL
2020-03-06 09:57:05,549 [7] INFO  Lead_MGT.Controllers.LogTest Info message
2020-03-06 09:57:44,055 [7] INFO  Lead_MGT.Controllers.LogTest Info message
2020-03-06 09:59:47,206 [7] INFO  Lead_MGT.Controllers.LogTest Info message
2020-03-06 10:00:21,036 [7] INFO  Lead_MGT.Controllers.LogTest Info message
2020-03-06 10:04:38,225 [18] INFO  Lead_MGT.Controllers.LogTest Info message
2020-03-06 10:08:29,382 [15] INFO  Lead_MGT.Controllers.LogTest Info message
2020-03-06 10:08:52,963 [15] INFO  Lead_MGT.Controllers.LogTest Info message
2020-03-06 10:09:03,025 [14] INFO  Lead_MGT.Controllers.LogTest Info message
2020-03-06 10:09:59,758 [15] INFO  Lead_MGT.Controllers.LogTest Info message
2020-03-06 10:10:26,409 [12] INFO  Lead_MGT.Controllers.LogTest Info message
2020-03-06 10:14:57,445 [9] INFO  Lead_MGT.Controllers.LogTest Info message
2020-03-06 10:21:21,683 [10] INFO  Lead_MGT.Controllers.LogTest Info message
2020-03-06 11:05:11,244 [7] INFO  Lead_MGT.Controllers.LogTest Info message
2020-03-06 11:09:13,664 [7] INFO  Lead_MGT.Controllers.LogTest Info message
2020-03-06 11:12:38,370 [12] INFO  Lead_MGT.Controllers.LogTest Info message
2020-03-06 11:15:19,328 [17] INFO  Lead_MGT.Controllers.LogTest Info message
2020-03-06 11:15:49,479 [18] INFO  Lead_MGT.Controllers.LogTest Info message
2020-03-06 11:16:33,384 [13] INFO  Lead_MGT.Controllers.LogTest Info message
2020-03-06 11:20:19,326 [13] INFO  Lead_MGT.Controllers.LogTest Info message
2020-03-06 11:24:12,443 [21] INFO  Lead_MGT.Controllers.LogTest Info message
2020-03-06 11:25:31,500 [7] INFO  Lead_MGT.Controllers.LogTest ExportExcel
2020-03-06 11:25:31,516 [7] INFO  Lead_MGT.Controllers.LogTest Createfile
2020-03-06 11:25:31,517 [7] INFO  Lead_MGT.Controllers.LogTest D:\PROJECT\QLLead\QLLead\QLLead\Lead_MGT\temp\export_LeadSach255635427.xlsx
2020-03-06 11:25:31,517 [7] INFO  Lead_MGT.Controllers.LogTest Createfile done
2020-03-06 11:25:31,918 [7] INFO  Lead_MGT.Controllers.LogTest Excel2016
2020-03-06 11:25:32,431 [7] INFO  Lead_MGT.Controllers.LogTest save Done
2020-03-06 11:25:34,613 [21] INFO  Lead_MGT.Controllers.LogTest ExportExcel
2020-03-06 11:25:34,621 [21] INFO  Lead_MGT.Controllers.LogTest Createfile
2020-03-06 11:25:34,621 [21] INFO  Lead_MGT.Controllers.LogTest D:\PROJECT\QLLead\QLLead\QLLead\Lead_MGT\temp\export_LeadSach728729970.xlsx
2020-03-06 11:25:34,621 [21] INFO  Lead_MGT.Controllers.LogTest Createfile done
2020-03-06 11:25:34,625 [21] INFO  Lead_MGT.Controllers.LogTest Excel2016
2020-03-06 11:25:34,915 [21] INFO  Lead_MGT.Controllers.LogTest save Done
2020-03-06 13:44:55,358 [24] INFO  Lead_MGT.Controllers.LogTest Info message
2020-03-06 13:45:47,085 [24] INFO  Lead_MGT.Controllers.LogTest Info message
2020-03-06 13:46:18,438 [31] INFO  Lead_MGT.Controllers.LogTest Info message
2020-03-06 13:46:58,693 [33] INFO  Lead_MGT.Controllers.LogTest Info message
2020-03-06 13:47:10,522 [7] INFO  Lead_MGT.Controllers.LogTest Info message
2020-03-06 13:47:47,467 [7] INFO  Lead_MGT.Controllers.LogTest Info message
2020-03-06 13:51:10,837 [10] INFO  Lead_MGT.Controllers.LogTest Info message
2020-03-06 13:51:22,326 [8] INFO  Lead_MGT.Controllers.LogTest Info message
2020-03-06 13:51:53,844 [8] INFO  Lead_MGT.Controllers.LogTest Info message
2020-03-06 13:52:05,260 [10] INFO  Lead_MGT.Controllers.LogTest Info message
2020-03-06 13:54:18,502 [10] INFO  Lead_MGT.Controllers.LogTest Info message
2020-03-06 13:57:15,021 [22] INFO  Lead_MGT.Controllers.LogTest Info message
2020-03-06 14:01:38,549 [7] INFO  Lead_MGT.Controllers.LogTest Info message
2020-03-09 13:56:19,580 [16] INFO  Lead_MGT.Controllers.LogTest Info message
2020-03-12 18:49:35,363 [6] INFO  Lead_MGT.Controllers.LogTest Info message
2020-03-12 18:50:26,052 [5] INFO  Lead_MGT.Controllers.LogTest Info message
2020-03-12 18:57:54,943 [10] INFO  Lead_MGT.Controllers.LogTest Info message
2020-04-13 11:54:07,562 [37] INFO  Lead_MGT.Controllers.LogTest Info message
2020-04-13 11:54:35,062 [12] INFO  Lead_MGT.Controllers.LogTest Info message
2020-04-13 14:26:22,020 [60] INFO  Lead_MGT.Controllers.LogTest Info message
2020-04-13 15:53:26,471 [5] INFO  Lead_MGT.Controllers.LogTest Info message
2020-04-13 16:37:59,690 [6] INFO  Lead_MGT.Controllers.LogTest Info message
2020-04-13 16:38:12,503 [6] INFO  Lead_MGT.Controllers.LogTest Info message
2020-04-13 16:38:51,108 [6] INFO  Lead_MGT.Controllers.LogTest Info message
2020-04-13 16:39:12,742 [6] INFO  Lead_MGT.Controllers.LogTest Info message
2020-04-13 16:50:05,903 [6] INFO  Lead_MGT.Controllers.LogTest Info message
2020-04-13 16:51:17,845 [10] INFO  Lead_MGT.Controllers.LogTest Info message
2020-04-13 16:54:23,909 [10] INFO  Lead_MGT.Controllers.LogTest Info message
2020-04-13 16:58:00,390 [29] INFO  Lead_MGT.Controllers.LogTest Info message
2020-04-13 16:58:25,130 [23] INFO  Lead_MGT.Controllers.LogTest Info message
2020-04-13 16:58:31,473 [23] INFO  Lead_MGT.Controllers.LogTest Info message
2020-04-13 16:58:46,891 [27] INFO  Lead_MGT.Controllers.LogTest Info message
2020-04-13 16:59:43,472 [26] INFO  Lead_MGT.Controllers.LogTest Info message
2020-04-13 16:59:46,527 [26] INFO  Lead_MGT.Controllers.LogTest Info message
2020-04-13 16:59:51,939 [27] INFO  Lead_MGT.Controllers.LogTest Info message
2020-04-13 16:59:53,905 [27] INFO  Lead_MGT.Controllers.LogTest Info message
2020-04-13 17:01:09,537 [27] INFO  Lead_MGT.Controllers.LogTest Info message
2020-04-13 17:01:15,311 [27] INFO  Lead_MGT.Controllers.LogTest Info message
2020-04-13 17:02:06,626 [8] INFO  Lead_MGT.Controllers.LogTest Info message
2020-04-13 17:23:52,370 [42] INFO  Lead_MGT.Controllers.LogTest Info message
2020-04-14 09:11:57,046 [95] INFO  Lead_MGT.Controllers.LogTest Info message
2020-05-07 15:46:13,472 [7] INFO  Lead_MGT.Controllers.LogTest Info message
2020-05-07 15:53:50,830 [8] INFO  Lead_MGT.Controllers.LogTest System.InvalidOperationException: Connection must be valid and open.
   at MySql.Data.MySqlClient.Interceptors.ExceptionInterceptor.Throw(Exception exception)
   at MySql.Data.MySqlClient.MySqlConnection.Throw(Exception ex)
   at MySql.Data.MySqlClient.MySqlCommand.Throw(Exception ex)
   at MySql.Data.MySqlClient.MySqlCommand.CheckState()
   at MySql.Data.MySqlClient.MySqlCommand.ExecuteReader(CommandBehavior behavior)
   at MySql.Data.MySqlClient.MySqlCommand.ExecuteReader()
   at Lead_MGT.Controllers.ImportLeadController.LeadGW() in D:\PROJECT\QLLead\QLLead\QLLead\Lead_MGT\Controllers\ImportLeadController.cs:line 161
2020-05-07 16:58:11,116 [25] INFO  Lead_MGT.Controllers.LogTest Info message
2020-05-07 17:28:10,100 [6] INFO  Lead_MGT.Controllers.LogTest Info message
2020-05-08 09:17:32,338 [6] INFO  Lead_MGT.Controllers.LogTest Info message
2020-05-08 09:31:13,564 [20] INFO  Lead_MGT.Controllers.LogTest Info message
2020-05-08 09:31:32,261 [6] INFO  Lead_MGT.Controllers.LogTest Info message
2020-05-08 09:35:06,380 [5] INFO  Lead_MGT.Controllers.LogTest Info message
2020-05-08 09:42:48,068 [6] INFO  Lead_MGT.Controllers.LogTest Info message
2020-05-08 09:42:55,921 [6] INFO  Lead_MGT.Controllers.LogTest Info message
2020-05-08 09:42:55,971 [8] INFO  Lead_MGT.Controllers.LogTest Info message
2020-05-08 09:43:07,162 [11] INFO  Lead_MGT.Controllers.LogTest Info message
2020-05-08 09:43:25,445 [6] INFO  Lead_MGT.Controllers.LogTest Info message
2020-05-08 09:44:10,864 [9] INFO  Lead_MGT.Controllers.LogTest Info message
2020-05-08 09:44:15,056 [13] INFO  Lead_MGT.Controllers.LogTest Info message
2020-05-08 09:44:52,709 [7] INFO  Lead_MGT.Controllers.LogTest Info message
2020-05-08 09:46:46,262 [6] INFO  Lead_MGT.Controllers.LogTest Info message
2020-05-08 09:48:00,757 [7] INFO  Lead_MGT.Controllers.LogTest Info message
2020-05-08 09:48:40,405 [9] INFO  Lead_MGT.Controllers.LogTest Info message
2020-05-08 09:48:45,749 [9] INFO  Lead_MGT.Controllers.LogTest Info message
2020-05-08 09:48:58,161 [6] INFO  Lead_MGT.Controllers.LogTest Info message
2020-05-08 09:49:22,889 [9] INFO  Lead_MGT.Controllers.LogTest Info message
2020-05-08 09:49:37,554 [8] INFO  Lead_MGT.Controllers.LogTest Info message
2020-05-08 09:50:52,240 [6] INFO  Lead_MGT.Controllers.LogTest Info message
2020-05-08 09:53:32,460 [6] INFO  Lead_MGT.Controllers.LogTest Info message
2020-05-08 09:53:53,031 [6] INFO  Lead_MGT.Controllers.LogTest Info message
2020-05-08 09:54:01,709 [8] INFO  Lead_MGT.Controllers.LogTest Info message
2020-05-08 09:55:07,238 [8] INFO  Lead_MGT.Controllers.LogTest Info message
2020-05-08 09:55:14,003 [9] INFO  Lead_MGT.Controllers.LogTest Info message
2020-05-08 09:55:39,079 [6] INFO  Lead_MGT.Controllers.LogTest Info message
2020-05-08 09:58:17,877 [6] INFO  Lead_MGT.Controllers.LogTest Info message
2020-05-08 10:39:58,337 [6] INFO  Lead_MGT.Controllers.LogTest Info message
2020-05-08 10:48:21,575 [7] INFO  Lead_MGT.Controllers.LogTest Info message
2020-05-08 10:49:50,417 [7] INFO  Lead_MGT.Controllers.LogTest Info message
2020-05-08 10:52:53,806 [6] INFO  Lead_MGT.Controllers.LogTest Info message
2020-05-08 10:55:32,846 [5] INFO  Lead_MGT.Controllers.LogTest Info message
2020-05-08 11:10:01,662 [5] INFO  Lead_MGT.Controllers.LogTest Info message
2020-05-08 11:10:25,409 [8] INFO  Lead_MGT.Controllers.LogTest Info message
2020-05-08 11:11:15,582 [5] INFO  Lead_MGT.Controllers.LogTest Info message
2020-05-08 11:12:02,112 [6] INFO  Lead_MGT.Controllers.LogTest Info message
2020-05-08 11:12:13,085 [9] INFO  Lead_MGT.Controllers.LogTest Info message
2020-05-08 11:12:13,129 [10] INFO  Lead_MGT.Controllers.LogTest Info message
2020-05-08 11:12:35,312 [6] INFO  Lead_MGT.Controllers.LogTest Info message
2020-05-08 11:12:54,753 [6] INFO  Lead_MGT.Controllers.LogTest Info message
2020-05-08 11:13:42,946 [8] INFO  Lead_MGT.Controllers.LogTest Info message
2020-05-08 11:16:38,479 [6] INFO  Lead_MGT.Controllers.LogTest Info message
2020-05-08 11:18:37,815 [6] INFO  Lead_MGT.Controllers.LogTest Info message
2020-05-08 11:18:40,049 [6] INFO  Lead_MGT.Controllers.LogTest Info message
2020-05-08 11:18:40,948 [23] INFO  Lead_MGT.Controllers.LogTest Info message
2020-05-08 11:21:21,520 [6] INFO  Lead_MGT.Controllers.LogTest Info message
2020-05-08 17:03:10,540 [53] INFO  Lead_MGT.Controllers.LogTest Info message
2020-05-08 17:06:13,523 [56] INFO  Lead_MGT.Controllers.LogTest d?c file
2020-05-08 17:06:13,533 [56] INFO  Lead_MGT.Controllers.LogTest Lay config
2020-05-08 17:06:13,533 [56] INFO  Lead_MGT.Controllers.LogTest d?c DL
2020-05-08 17:06:13,533 [56] INFO  Lead_MGT.Controllers.LogTest 1
2020-05-08 17:06:13,533 [56] INFO  Lead_MGT.Controllers.LogTest 2
2020-05-08 17:06:13,534 [56] INFO  Lead_MGT.Controllers.LogTest 3
2020-05-08 17:06:13,534 [56] INFO  Lead_MGT.Controllers.LogTest 4
2020-05-08 17:06:13,586 [56] INFO  Lead_MGT.Controllers.LogTest 5
2020-05-08 17:06:13,637 [56] INFO  Lead_MGT.Controllers.LogTest 6
2020-05-08 17:06:13,734 [56] INFO  Lead_MGT.Controllers.LogTest 7
2020-05-08 17:06:13,774 [56] INFO  Lead_MGT.Controllers.LogTest 
2020-05-08 17:06:13,776 [56] INFO  Lead_MGT.Controllers.LogTest Luu DL
2020-05-08 17:10:43,866 [48] INFO  Lead_MGT.Controllers.LogTest d?c file
2020-05-08 17:10:43,866 [48] INFO  Lead_MGT.Controllers.LogTest Lay config
2020-05-08 17:10:43,867 [48] INFO  Lead_MGT.Controllers.LogTest d?c DL
2020-05-08 17:10:43,867 [48] INFO  Lead_MGT.Controllers.LogTest 1
2020-05-08 17:10:43,867 [48] INFO  Lead_MGT.Controllers.LogTest 2
2020-05-08 17:10:43,867 [48] INFO  Lead_MGT.Controllers.LogTest 3
2020-05-08 17:10:43,867 [48] INFO  Lead_MGT.Controllers.LogTest 4
2020-05-08 17:10:43,928 [48] INFO  Lead_MGT.Controllers.LogTest 5
2020-05-08 17:10:43,972 [48] INFO  Lead_MGT.Controllers.LogTest 6
2020-05-08 17:10:44,024 [48] INFO  Lead_MGT.Controllers.LogTest 7
2020-05-08 17:10:44,076 [48] INFO  Lead_MGT.Controllers.LogTest 
2020-05-08 17:10:44,077 [48] INFO  Lead_MGT.Controllers.LogTest Luu DL
2020-05-08 17:14:49,096 [43] INFO  Lead_MGT.Controllers.LogTest d?c file
2020-05-08 17:14:49,096 [43] INFO  Lead_MGT.Controllers.LogTest Lay config
2020-05-08 17:14:49,096 [43] INFO  Lead_MGT.Controllers.LogTest d?c DL
2020-05-08 17:14:49,097 [43] INFO  Lead_MGT.Controllers.LogTest 1
2020-05-08 17:14:49,097 [43] INFO  Lead_MGT.Controllers.LogTest 2
2020-05-08 17:14:49,097 [43] INFO  Lead_MGT.Controllers.LogTest 3
2020-05-08 17:14:49,097 [43] INFO  Lead_MGT.Controllers.LogTest 4
2020-05-08 17:14:49,153 [43] INFO  Lead_MGT.Controllers.LogTest 5
2020-05-08 17:14:49,204 [43] INFO  Lead_MGT.Controllers.LogTest 6
2020-05-08 17:14:49,255 [43] INFO  Lead_MGT.Controllers.LogTest 7
2020-05-08 17:14:49,308 [43] INFO  Lead_MGT.Controllers.LogTest 
2020-05-08 17:14:49,308 [43] INFO  Lead_MGT.Controllers.LogTest Luu DL
2020-05-08 17:15:30,730 [43] INFO  Lead_MGT.Controllers.LogTest d?c file
2020-05-08 17:15:30,731 [43] INFO  Lead_MGT.Controllers.LogTest Lay config
2020-05-08 17:15:30,731 [43] INFO  Lead_MGT.Controllers.LogTest d?c DL
2020-05-08 17:15:30,731 [43] INFO  Lead_MGT.Controllers.LogTest 1
2020-05-08 17:15:30,731 [43] INFO  Lead_MGT.Controllers.LogTest 2
2020-05-08 17:15:30,731 [43] INFO  Lead_MGT.Controllers.LogTest 3
2020-05-08 17:15:30,731 [43] INFO  Lead_MGT.Controllers.LogTest 4
2020-05-08 17:15:30,788 [43] INFO  Lead_MGT.Controllers.LogTest 5
2020-05-08 17:15:30,842 [43] INFO  Lead_MGT.Controllers.LogTest 6
2020-05-08 17:15:30,894 [43] INFO  Lead_MGT.Controllers.LogTest 7
2020-05-08 17:15:30,949 [43] INFO  Lead_MGT.Controllers.LogTest 
2020-05-08 17:15:30,949 [43] INFO  Lead_MGT.Controllers.LogTest Luu DL
2020-05-08 17:16:33,594 [36] INFO  Lead_MGT.Controllers.LogTest d?c file
2020-05-08 17:16:33,595 [36] INFO  Lead_MGT.Controllers.LogTest Lay config
2020-05-08 17:16:33,595 [36] INFO  Lead_MGT.Controllers.LogTest d?c DL
2020-05-08 17:16:33,595 [36] INFO  Lead_MGT.Controllers.LogTest 1
2020-05-08 17:16:33,595 [36] INFO  Lead_MGT.Controllers.LogTest 2
2020-05-08 17:16:33,596 [36] INFO  Lead_MGT.Controllers.LogTest 3
2020-05-08 17:16:33,596 [36] INFO  Lead_MGT.Controllers.LogTest 4
2020-05-08 17:16:33,680 [36] INFO  Lead_MGT.Controllers.LogTest 5
2020-05-08 17:16:33,721 [36] INFO  Lead_MGT.Controllers.LogTest 6
2020-05-08 17:16:33,773 [36] INFO  Lead_MGT.Controllers.LogTest 7
2020-05-08 17:16:33,826 [36] INFO  Lead_MGT.Controllers.LogTest 
2020-05-08 17:16:33,826 [36] INFO  Lead_MGT.Controllers.LogTest Luu DL
2020-05-08 17:17:02,785 [43] INFO  Lead_MGT.Controllers.LogTest Info message
2020-05-08 17:17:32,150 [43] INFO  Lead_MGT.Controllers.LogTest d?c file
2020-05-08 17:17:32,150 [43] INFO  Lead_MGT.Controllers.LogTest Lay config
2020-05-08 17:17:32,151 [43] INFO  Lead_MGT.Controllers.LogTest d?c DL
2020-05-08 17:17:32,151 [43] INFO  Lead_MGT.Controllers.LogTest 1
2020-05-08 17:17:32,151 [43] INFO  Lead_MGT.Controllers.LogTest 2
2020-05-08 17:17:32,151 [43] INFO  Lead_MGT.Controllers.LogTest 3
2020-05-08 17:17:32,151 [43] INFO  Lead_MGT.Controllers.LogTest 4
2020-05-08 17:17:32,203 [43] INFO  Lead_MGT.Controllers.LogTest 5
2020-05-08 17:17:32,257 [43] INFO  Lead_MGT.Controllers.LogTest 6
2020-05-08 17:17:32,308 [43] INFO  Lead_MGT.Controllers.LogTest 7
2020-05-08 17:17:32,362 [43] INFO  Lead_MGT.Controllers.LogTest 
2020-05-08 17:17:32,362 [43] INFO  Lead_MGT.Controllers.LogTest Luu DL
2020-05-08 17:19:08,325 [43] INFO  Lead_MGT.Controllers.LogTest d?c file
2020-05-08 17:19:08,325 [43] INFO  Lead_MGT.Controllers.LogTest Lay config
2020-05-08 17:19:08,325 [43] INFO  Lead_MGT.Controllers.LogTest d?c DL
2020-05-08 17:19:08,326 [43] INFO  Lead_MGT.Controllers.LogTest 1
2020-05-08 17:19:08,326 [43] INFO  Lead_MGT.Controllers.LogTest 2
2020-05-08 17:19:08,326 [43] INFO  Lead_MGT.Controllers.LogTest 3
2020-05-08 17:19:08,326 [43] INFO  Lead_MGT.Controllers.LogTest 4
2020-05-08 17:19:08,380 [43] INFO  Lead_MGT.Controllers.LogTest 5
2020-05-08 17:19:08,432 [43] INFO  Lead_MGT.Controllers.LogTest 6
2020-05-08 17:19:08,484 [43] INFO  Lead_MGT.Controllers.LogTest 7
2020-05-08 17:19:08,536 [43] INFO  Lead_MGT.Controllers.LogTest 
2020-05-08 17:19:08,536 [43] INFO  Lead_MGT.Controllers.LogTest Luu DL
2020-05-08 17:22:45,045 [34] INFO  Lead_MGT.Controllers.LogTest d?c file
2020-05-08 17:22:45,046 [34] INFO  Lead_MGT.Controllers.LogTest Lay config
2020-05-08 17:22:45,046 [34] INFO  Lead_MGT.Controllers.LogTest d?c DL
2020-05-08 17:22:45,046 [34] INFO  Lead_MGT.Controllers.LogTest 1
2020-05-08 17:22:45,046 [34] INFO  Lead_MGT.Controllers.LogTest 2
2020-05-08 17:22:45,046 [34] INFO  Lead_MGT.Controllers.LogTest 3
2020-05-08 17:22:45,046 [34] INFO  Lead_MGT.Controllers.LogTest 4
2020-05-08 17:22:45,102 [34] INFO  Lead_MGT.Controllers.LogTest 5
2020-05-08 17:22:45,153 [34] INFO  Lead_MGT.Controllers.LogTest 6
2020-05-08 17:22:45,207 [34] INFO  Lead_MGT.Controllers.LogTest 7
2020-05-08 17:22:45,260 [34] INFO  Lead_MGT.Controllers.LogTest 
2020-05-08 17:22:45,260 [34] INFO  Lead_MGT.Controllers.LogTest Luu DL
2020-05-08 18:02:39,808 [16] INFO  Lead_MGT.Controllers.LogTest Info message
2020-05-14 11:48:48,673 [30] INFO  Lead_MGT.Controllers.LogTest Info message
2020-05-20 17:01:24,729 [6] INFO  Lead_MGT.Controllers.LogTest Info message
2020-05-21 14:12:47,345 [6] INFO  Lead_MGT.Controllers.LogTest Info message
2020-05-21 14:12:54,207 [6] INFO  Lead_MGT.Controllers.LogTest d?c file
2020-05-21 14:13:12,170 [8] INFO  Lead_MGT.Controllers.LogTest d?c file
2020-05-21 14:13:12,171 [8] INFO  Lead_MGT.Controllers.LogTest Lay config
2020-05-21 14:13:12,171 [8] INFO  Lead_MGT.Controllers.LogTest d?c DL
2020-05-21 14:13:12,206 [8] INFO  Lead_MGT.Controllers.LogTest 1
2020-05-21 14:13:12,206 [8] INFO  Lead_MGT.Controllers.LogTest 2
2020-05-21 14:13:12,215 [8] INFO  Lead_MGT.Controllers.LogTest 3
2020-05-21 14:13:12,216 [8] INFO  Lead_MGT.Controllers.LogTest 4
2020-05-21 14:13:12,719 [8] INFO  Lead_MGT.Controllers.LogTest 5
2020-05-21 14:13:28,191 [8] INFO  Lead_MGT.Controllers.LogTest 6
2020-05-21 14:13:28,240 [8] INFO  Lead_MGT.Controllers.LogTest 7
2020-05-21 14:13:28,331 [8] INFO  Lead_MGT.Controllers.LogTest 
2020-05-21 14:13:28,333 [8] INFO  Lead_MGT.Controllers.LogTest Luu DL
2020-05-21 14:13:28,462 [8] INFO  Lead_MGT.Controllers.LogTest System.FormatException: String was not recognized as a valid DateTime.
   at System.DateTimeParse.Parse(String s, DateTimeFormatInfo dtfi, DateTimeStyles styles)
   at System.DateTime.Parse(String s, IFormatProvider provider)
   at Lead_MGTBusiness.ImportLead.ImportLeadBuiness.TransferLead(List`1 listLeadIP, String duAn, String sanPham, String boundCode, String postDate) in D:\PROJECT\QLLead\QLLead\QLLead\Lead_MGTBusiness\ImportLeadBuiness\ImportLeadBuiness.cs:line 366
   at Lead_MGTBusiness.ImportLead.ImportLeadBuiness.BulkInsertLead_Import(DataTable dt, String duAn, String sanPham, String boundCode, String postDate) in D:\PROJECT\QLLead\QLLead\QLLead\Lead_MGTBusiness\ImportLeadBuiness\ImportLeadBuiness.cs:line 102
   at Lead_MGT.Controllers.ImportLeadController.Import(HttpPostedFileBase postedFile, String postDate, String duAn, String boundCode, String sanPham) in D:\PROJECT\QLLead\QLLead\QLLead\Lead_MGT\Controllers\ImportLeadController.cs:line 133
2020-05-22 15:32:25,009 [5] INFO  Lead_MGT.Controllers.LogTest Info message
2020-05-29 15:58:37,493 [6] INFO  Lead_MGT.Controllers.LogTest Info message
2020-05-29 16:06:57,669 [22] INFO  Lead_MGT.Controllers.LogTest d?c file
2020-05-29 16:06:57,670 [22] INFO  Lead_MGT.Controllers.LogTest Lay config
2020-05-29 16:06:57,670 [22] INFO  Lead_MGT.Controllers.LogTest d?c DL
2020-05-29 16:06:57,670 [22] INFO  Lead_MGT.Controllers.LogTest 1
2020-05-29 16:06:57,670 [22] INFO  Lead_MGT.Controllers.LogTest 2
2020-05-29 16:06:57,670 [22] INFO  Lead_MGT.Controllers.LogTest 3
2020-05-29 16:06:57,670 [22] INFO  Lead_MGT.Controllers.LogTest 4
2020-05-29 16:06:57,719 [22] INFO  Lead_MGT.Controllers.LogTest 5
2020-05-29 16:06:57,771 [22] INFO  Lead_MGT.Controllers.LogTest 6
2020-05-29 16:06:57,801 [22] INFO  Lead_MGT.Controllers.LogTest 7
2020-05-29 16:06:57,864 [22] INFO  Lead_MGT.Controllers.LogTest 
2020-05-29 16:06:57,865 [22] INFO  Lead_MGT.Controllers.LogTest Luu DL
2020-05-29 16:13:04,510 [22] INFO  Lead_MGT.Controllers.LogTest Info message
2020-05-29 16:19:39,083 [6] INFO  Lead_MGT.Controllers.LogTest Info message
2020-05-29 16:19:53,322 [7] INFO  Lead_MGT.Controllers.LogTest d?c file
2020-05-29 16:19:53,324 [7] INFO  Lead_MGT.Controllers.LogTest Lay config
2020-05-29 16:19:53,328 [7] INFO  Lead_MGT.Controllers.LogTest d?c DL
2020-05-29 16:19:53,329 [7] INFO  Lead_MGT.Controllers.LogTest 1
2020-05-29 16:19:53,329 [7] INFO  Lead_MGT.Controllers.LogTest 2
2020-05-29 16:19:53,329 [7] INFO  Lead_MGT.Controllers.LogTest 3
2020-05-29 16:19:53,329 [7] INFO  Lead_MGT.Controllers.LogTest 4
2020-05-29 16:19:53,417 [7] INFO  Lead_MGT.Controllers.LogTest 5
2020-05-29 16:19:53,465 [7] INFO  Lead_MGT.Controllers.LogTest 6
2020-05-29 16:19:53,500 [7] INFO  Lead_MGT.Controllers.LogTest 7
2020-05-29 16:19:53,554 [7] INFO  Lead_MGT.Controllers.LogTest 
2020-05-29 16:19:53,555 [7] INFO  Lead_MGT.Controllers.LogTest Luu DL
2020-05-29 16:21:31,095 [8] INFO  Lead_MGT.Controllers.LogTest d?c file
2020-05-29 16:21:31,095 [8] INFO  Lead_MGT.Controllers.LogTest Lay config
2020-05-29 16:21:31,095 [8] INFO  Lead_MGT.Controllers.LogTest d?c DL
2020-05-29 16:21:31,095 [8] INFO  Lead_MGT.Controllers.LogTest 1
2020-05-29 16:21:31,095 [8] INFO  Lead_MGT.Controllers.LogTest 2
2020-05-29 16:21:31,095 [8] INFO  Lead_MGT.Controllers.LogTest 3
2020-05-29 16:21:31,096 [8] INFO  Lead_MGT.Controllers.LogTest 4
2020-05-29 16:21:31,138 [8] INFO  Lead_MGT.Controllers.LogTest 5
2020-05-29 16:21:31,190 [8] INFO  Lead_MGT.Controllers.LogTest 6
2020-05-29 16:21:31,231 [8] INFO  Lead_MGT.Controllers.LogTest 7
2020-05-29 16:21:31,286 [8] INFO  Lead_MGT.Controllers.LogTest 
2020-05-29 16:21:31,286 [8] INFO  Lead_MGT.Controllers.LogTest Luu DL
2020-05-29 16:22:41,906 [6] INFO  Lead_MGT.Controllers.LogTest d?c file
2020-05-29 16:22:41,907 [6] INFO  Lead_MGT.Controllers.LogTest Lay config
2020-05-29 16:22:41,907 [6] INFO  Lead_MGT.Controllers.LogTest d?c DL
2020-05-29 16:22:41,907 [6] INFO  Lead_MGT.Controllers.LogTest 1
2020-05-29 16:22:41,907 [6] INFO  Lead_MGT.Controllers.LogTest 2
2020-05-29 16:22:41,907 [6] INFO  Lead_MGT.Controllers.LogTest 3
2020-05-29 16:22:41,907 [6] INFO  Lead_MGT.Controllers.LogTest 4
2020-05-29 16:22:41,949 [6] INFO  Lead_MGT.Controllers.LogTest 5
2020-05-29 16:22:41,999 [6] INFO  Lead_MGT.Controllers.LogTest 6
2020-05-29 16:22:42,040 [6] INFO  Lead_MGT.Controllers.LogTest 7
2020-05-29 16:22:42,090 [6] INFO  Lead_MGT.Controllers.LogTest 
2020-05-29 16:22:42,091 [6] INFO  Lead_MGT.Controllers.LogTest Luu DL
2020-05-29 16:22:58,706 [8] INFO  Lead_MGT.Controllers.LogTest d?c file
2020-05-29 16:22:58,707 [8] INFO  Lead_MGT.Controllers.LogTest Lay config
2020-05-29 16:22:58,707 [8] INFO  Lead_MGT.Controllers.LogTest d?c DL
2020-05-29 16:22:58,707 [8] INFO  Lead_MGT.Controllers.LogTest 1
2020-05-29 16:22:58,707 [8] INFO  Lead_MGT.Controllers.LogTest 2
2020-05-29 16:22:58,707 [8] INFO  Lead_MGT.Controllers.LogTest 3
2020-05-29 16:22:58,707 [8] INFO  Lead_MGT.Controllers.LogTest 4
2020-05-29 16:22:58,749 [8] INFO  Lead_MGT.Controllers.LogTest 5
2020-05-29 16:22:58,802 [8] INFO  Lead_MGT.Controllers.LogTest 6
2020-05-29 16:22:58,844 [8] INFO  Lead_MGT.Controllers.LogTest 7
2020-05-29 16:22:58,915 [8] INFO  Lead_MGT.Controllers.LogTest 
2020-05-29 16:22:58,916 [8] INFO  Lead_MGT.Controllers.LogTest Luu DL
2020-05-29 16:26:24,973 [6] INFO  Lead_MGT.Controllers.LogTest Info message
2020-05-29 16:26:46,368 [6] INFO  Lead_MGT.Controllers.LogTest System.FormatException: String was not recognized as a valid DateTime.
   at System.DateTimeParse.Parse(String s, DateTimeFormatInfo dtfi, DateTimeStyles styles)
   at System.Convert.ToDateTime(String value)
   at Lead_MGT.Controllers.ImportLeadController.Import(HttpPostedFileBase postedFile, String postDate, String duAn, String boundCode, String sanPham) in D:\PROJECT\QLLead\QLLead\QLLead\Lead_MGT\Controllers\ImportLeadController.cs:line 67
2020-05-29 16:27:41,716 [6] INFO  Lead_MGT.Controllers.LogTest Info message
2020-05-29 16:27:55,981 [6] INFO  Lead_MGT.Controllers.LogTest d?c file
2020-05-29 16:27:55,982 [6] INFO  Lead_MGT.Controllers.LogTest Lay config
2020-05-29 16:27:55,983 [6] INFO  Lead_MGT.Controllers.LogTest d?c DL
2020-05-29 16:27:55,984 [6] INFO  Lead_MGT.Controllers.LogTest 1
2020-05-29 16:27:55,984 [6] INFO  Lead_MGT.Controllers.LogTest 2
2020-05-29 16:27:55,984 [6] INFO  Lead_MGT.Controllers.LogTest 3
2020-05-29 16:27:55,984 [6] INFO  Lead_MGT.Controllers.LogTest 4
2020-05-29 16:27:56,080 [6] INFO  Lead_MGT.Controllers.LogTest 5
2020-05-29 16:27:56,139 [6] INFO  Lead_MGT.Controllers.LogTest 6
2020-05-29 16:27:56,180 [6] INFO  Lead_MGT.Controllers.LogTest 7
2020-05-29 16:27:56,231 [6] INFO  Lead_MGT.Controllers.LogTest 
2020-05-29 16:27:56,243 [6] INFO  Lead_MGT.Controllers.LogTest System.FormatException: String was not recognized as a valid DateTime.
   at System.DateTimeParse.Parse(String s, DateTimeFormatInfo dtfi, DateTimeStyles styles)
   at System.Convert.ToDateTime(String value)
   at Lead_MGT.Controllers.ImportLeadController.Import(HttpPostedFileBase postedFile, String postDate, String duAn, String boundCode, String sanPham) in D:\PROJECT\QLLead\QLLead\QLLead\Lead_MGT\Controllers\ImportLeadController.cs:line 132
2020-06-15 16:14:45,420 [6] INFO  Lead_MGT.Controllers.LogTest Info message
2020-06-15 16:16:22,947 [6] INFO  Lead_MGT.Controllers.LogTest d?c file
2020-06-15 16:16:22,963 [6] INFO  Lead_MGT.Controllers.LogTest Lay config
2020-06-15 16:16:22,964 [6] INFO  Lead_MGT.Controllers.LogTest d?c DL
2020-06-15 16:16:22,993 [6] INFO  Lead_MGT.Controllers.LogTest 1
2020-06-15 16:16:22,993 [6] INFO  Lead_MGT.Controllers.LogTest 2
2020-06-15 16:16:22,994 [6] INFO  Lead_MGT.Controllers.LogTest 3
2020-06-15 16:16:22,994 [6] INFO  Lead_MGT.Controllers.LogTest 4
2020-06-15 16:16:23,333 [6] INFO  Lead_MGT.Controllers.LogTest 5
2020-06-15 16:16:23,386 [6] INFO  Lead_MGT.Controllers.LogTest 6
2020-06-15 16:16:23,410 [6] INFO  Lead_MGT.Controllers.LogTest 7
2020-06-15 16:16:23,467 [6] INFO  Lead_MGT.Controllers.LogTest 
2020-06-15 16:16:23,469 [6] INFO  Lead_MGT.Controllers.LogTest Luu DL
2020-06-15 16:18:37,411 [11] INFO  Lead_MGT.Controllers.LogTest Info message
2020-06-15 16:40:55,812 [8] INFO  Lead_MGT.Controllers.LogTest Info message
2020-06-15 16:40:55,855 [6] INFO  Lead_MGT.Controllers.LogTest Info message
2020-06-15 16:42:19,224 [7] INFO  Lead_MGT.Controllers.LogTest d?c file
2020-06-15 16:42:19,225 [7] INFO  Lead_MGT.Controllers.LogTest Lay config
2020-06-15 16:42:19,226 [7] INFO  Lead_MGT.Controllers.LogTest d?c DL
2020-06-15 16:42:19,226 [7] INFO  Lead_MGT.Controllers.LogTest 1
2020-06-15 16:42:19,226 [7] INFO  Lead_MGT.Controllers.LogTest 2
2020-06-15 16:42:19,226 [7] INFO  Lead_MGT.Controllers.LogTest 3
2020-06-15 16:42:19,226 [7] INFO  Lead_MGT.Controllers.LogTest 4
2020-06-15 16:42:19,311 [7] INFO  Lead_MGT.Controllers.LogTest 5
2020-06-15 16:42:19,354 [7] INFO  Lead_MGT.Controllers.LogTest 6
2020-06-15 16:42:19,382 [7] INFO  Lead_MGT.Controllers.LogTest 7
2020-06-15 16:42:19,434 [7] INFO  Lead_MGT.Controllers.LogTest 
2020-06-15 16:42:19,436 [7] INFO  Lead_MGT.Controllers.LogTest Luu DL
2020-06-15 16:42:39,881 [7] INFO  Lead_MGT.Controllers.LogTest Info message
2020-06-15 16:45:34,015 [10] INFO  Lead_MGT.Controllers.LogTest d?c file
2020-06-15 16:45:34,015 [10] INFO  Lead_MGT.Controllers.LogTest Lay config
2020-06-15 16:45:34,015 [10] INFO  Lead_MGT.Controllers.LogTest d?c DL
2020-06-15 16:45:34,016 [10] INFO  Lead_MGT.Controllers.LogTest 1
2020-06-15 16:45:34,016 [10] INFO  Lead_MGT.Controllers.LogTest 2
2020-06-15 16:45:34,016 [10] INFO  Lead_MGT.Controllers.LogTest 3
2020-06-15 16:45:34,016 [10] INFO  Lead_MGT.Controllers.LogTest 4
2020-06-15 16:45:34,046 [10] INFO  Lead_MGT.Controllers.LogTest 5
2020-06-15 16:45:34,104 [10] INFO  Lead_MGT.Controllers.LogTest 6
2020-06-15 16:45:34,130 [10] INFO  Lead_MGT.Controllers.LogTest 7
2020-06-15 16:45:34,183 [10] INFO  Lead_MGT.Controllers.LogTest 
2020-06-15 16:45:34,183 [10] INFO  Lead_MGT.Controllers.LogTest Luu DL
2020-06-15 16:46:03,918 [17] INFO  Lead_MGT.Controllers.LogTest Info message
2020-06-16 08:34:40,933 [6] INFO  Lead_MGT.Controllers.LogTest Info message
2020-06-16 08:38:08,594 [7] INFO  Lead_MGT.Controllers.LogTest d?c file
2020-06-16 08:38:08,594 [7] INFO  Lead_MGT.Controllers.LogTest Lay config
2020-06-16 08:38:08,594 [7] INFO  Lead_MGT.Controllers.LogTest d?c DL
2020-06-16 08:38:08,594 [7] INFO  Lead_MGT.Controllers.LogTest 1
2020-06-16 08:38:08,594 [7] INFO  Lead_MGT.Controllers.LogTest 2
2020-06-16 08:38:08,594 [7] INFO  Lead_MGT.Controllers.LogTest 3
2020-06-16 08:38:08,594 [7] INFO  Lead_MGT.Controllers.LogTest 4
2020-06-16 08:38:08,628 [7] INFO  Lead_MGT.Controllers.LogTest 5
2020-06-16 08:38:08,678 [7] INFO  Lead_MGT.Controllers.LogTest 6
2020-06-16 08:38:08,707 [7] INFO  Lead_MGT.Controllers.LogTest 7
2020-06-16 08:38:08,758 [7] INFO  Lead_MGT.Controllers.LogTest 
2020-06-16 08:38:08,760 [7] INFO  Lead_MGT.Controllers.LogTest Luu DL
2020-06-16 08:41:09,017 [19] INFO  Lead_MGT.Controllers.LogTest d?c file
2020-06-16 08:41:09,018 [19] INFO  Lead_MGT.Controllers.LogTest Lay config
2020-06-16 08:41:09,018 [19] INFO  Lead_MGT.Controllers.LogTest d?c DL
2020-06-16 08:41:09,018 [19] INFO  Lead_MGT.Controllers.LogTest 1
2020-06-16 08:41:09,018 [19] INFO  Lead_MGT.Controllers.LogTest 2
2020-06-16 08:41:09,018 [19] INFO  Lead_MGT.Controllers.LogTest 3
2020-06-16 08:41:09,019 [19] INFO  Lead_MGT.Controllers.LogTest 4
2020-06-16 08:41:09,050 [19] INFO  Lead_MGT.Controllers.LogTest 5
2020-06-16 08:41:09,101 [19] INFO  Lead_MGT.Controllers.LogTest 6
2020-06-16 08:41:09,131 [19] INFO  Lead_MGT.Controllers.LogTest 7
2020-06-16 08:41:09,184 [19] INFO  Lead_MGT.Controllers.LogTest 
2020-06-16 08:41:09,184 [19] INFO  Lead_MGT.Controllers.LogTest Luu DL
2020-06-16 09:37:52,368 [6] INFO  Lead_MGT.Controllers.LogTest Info message
2020-06-16 09:39:11,309 [6] INFO  Lead_MGT.Controllers.LogTest d?c file
2020-06-16 09:39:11,309 [6] INFO  Lead_MGT.Controllers.LogTest Lay config
2020-06-16 09:39:11,309 [6] INFO  Lead_MGT.Controllers.LogTest d?c DL
2020-06-16 09:39:11,310 [6] INFO  Lead_MGT.Controllers.LogTest 1
2020-06-16 09:39:11,310 [6] INFO  Lead_MGT.Controllers.LogTest 2
2020-06-16 09:39:11,310 [6] INFO  Lead_MGT.Controllers.LogTest 3
2020-06-16 09:39:11,310 [6] INFO  Lead_MGT.Controllers.LogTest 4
2020-06-16 09:39:11,376 [6] INFO  Lead_MGT.Controllers.LogTest 5
2020-06-16 09:39:11,417 [6] INFO  Lead_MGT.Controllers.LogTest 6
2020-06-16 09:39:11,451 [6] INFO  Lead_MGT.Controllers.LogTest 7
2020-06-16 09:39:11,503 [6] INFO  Lead_MGT.Controllers.LogTest 
2020-06-16 09:39:11,504 [6] INFO  Lead_MGT.Controllers.LogTest Luu DL
2020-06-16 09:39:41,357 [6] INFO  Lead_MGT.Controllers.LogTest d?c file
2020-06-16 09:39:41,358 [6] INFO  Lead_MGT.Controllers.LogTest Lay config
2020-06-16 09:39:41,358 [6] INFO  Lead_MGT.Controllers.LogTest d?c DL
2020-06-16 09:39:41,358 [6] INFO  Lead_MGT.Controllers.LogTest 1
2020-06-16 09:39:41,358 [6] INFO  Lead_MGT.Controllers.LogTest 2
2020-06-16 09:39:41,358 [6] INFO  Lead_MGT.Controllers.LogTest 3
2020-06-16 09:39:41,358 [6] INFO  Lead_MGT.Controllers.LogTest 4
2020-06-16 09:39:41,394 [6] INFO  Lead_MGT.Controllers.LogTest 5
2020-06-16 09:39:41,447 [6] INFO  Lead_MGT.Controllers.LogTest 6
2020-06-16 09:39:41,511 [6] INFO  Lead_MGT.Controllers.LogTest 7
2020-06-16 09:39:41,552 [6] INFO  Lead_MGT.Controllers.LogTest 
2020-06-16 09:39:41,553 [6] INFO  Lead_MGT.Controllers.LogTest Luu DL
2020-06-16 09:41:42,641 [6] INFO  Lead_MGT.Controllers.LogTest d?c file
2020-06-16 09:41:42,641 [6] INFO  Lead_MGT.Controllers.LogTest Lay config
2020-06-16 09:41:42,641 [6] INFO  Lead_MGT.Controllers.LogTest d?c DL
2020-06-16 09:41:42,641 [6] INFO  Lead_MGT.Controllers.LogTest 1
2020-06-16 09:41:42,641 [6] INFO  Lead_MGT.Controllers.LogTest 2
2020-06-16 09:41:42,641 [6] INFO  Lead_MGT.Controllers.LogTest 3
2020-06-16 09:41:42,642 [6] INFO  Lead_MGT.Controllers.LogTest 4
2020-06-16 09:41:42,682 [6] INFO  Lead_MGT.Controllers.LogTest 5
2020-06-16 09:41:42,751 [6] INFO  Lead_MGT.Controllers.LogTest 6
2020-06-16 09:41:42,796 [6] INFO  Lead_MGT.Controllers.LogTest 7
2020-06-16 09:41:42,848 [6] INFO  Lead_MGT.Controllers.LogTest 
2020-06-16 09:41:42,849 [6] INFO  Lead_MGT.Controllers.LogTest Luu DL
2020-06-16 09:46:20,065 [6] INFO  Lead_MGT.Controllers.LogTest d?c file
2020-06-16 09:46:20,065 [6] INFO  Lead_MGT.Controllers.LogTest Lay config
2020-06-16 09:46:20,065 [6] INFO  Lead_MGT.Controllers.LogTest d?c DL
2020-06-16 09:46:20,066 [6] INFO  Lead_MGT.Controllers.LogTest 1
2020-06-16 09:46:20,066 [6] INFO  Lead_MGT.Controllers.LogTest 2
2020-06-16 09:46:20,066 [6] INFO  Lead_MGT.Controllers.LogTest 3
2020-06-16 09:46:20,066 [6] INFO  Lead_MGT.Controllers.LogTest 4
2020-06-16 09:46:20,107 [6] INFO  Lead_MGT.Controllers.LogTest 5
2020-06-16 09:46:20,159 [6] INFO  Lead_MGT.Controllers.LogTest 6
2020-06-16 09:46:20,201 [6] INFO  Lead_MGT.Controllers.LogTest 7
2020-06-16 09:46:20,273 [6] INFO  Lead_MGT.Controllers.LogTest 
2020-06-16 09:46:20,274 [6] INFO  Lead_MGT.Controllers.LogTest Luu DL
2020-06-16 11:17:57,813 [9] INFO  Lead_MGT.Controllers.LogTest Info message
2020-06-16 11:18:33,034 [9] INFO  Lead_MGT.Controllers.LogTest d?c file
2020-06-16 11:18:33,035 [9] INFO  Lead_MGT.Controllers.LogTest Lay config
2020-06-16 11:18:33,035 [9] INFO  Lead_MGT.Controllers.LogTest d?c DL
2020-06-16 11:18:33,035 [9] INFO  Lead_MGT.Controllers.LogTest 1
2020-06-16 11:18:33,035 [9] INFO  Lead_MGT.Controllers.LogTest 2
2020-06-16 11:18:33,035 [9] INFO  Lead_MGT.Controllers.LogTest 3
2020-06-16 11:18:33,036 [9] INFO  Lead_MGT.Controllers.LogTest 4
2020-06-16 11:18:33,088 [9] INFO  Lead_MGT.Controllers.LogTest 5
2020-06-16 11:18:33,141 [9] INFO  Lead_MGT.Controllers.LogTest 6
2020-06-16 11:18:33,192 [9] INFO  Lead_MGT.Controllers.LogTest 7
2020-06-16 11:18:33,244 [9] INFO  Lead_MGT.Controllers.LogTest 
2020-06-16 11:18:33,245 [9] INFO  Lead_MGT.Controllers.LogTest Luu DL
2020-06-16 11:20:53,242 [11] INFO  Lead_MGT.Controllers.LogTest d?c file
2020-06-16 11:20:53,243 [11] INFO  Lead_MGT.Controllers.LogTest Lay config
2020-06-16 11:20:53,243 [11] INFO  Lead_MGT.Controllers.LogTest d?c DL
2020-06-16 11:20:53,243 [11] INFO  Lead_MGT.Controllers.LogTest 1
2020-06-16 11:20:53,243 [11] INFO  Lead_MGT.Controllers.LogTest 2
2020-06-16 11:20:53,243 [11] INFO  Lead_MGT.Controllers.LogTest 3
2020-06-16 11:20:53,243 [11] INFO  Lead_MGT.Controllers.LogTest 4
2020-06-16 11:20:53,299 [11] INFO  Lead_MGT.Controllers.LogTest 5
2020-06-16 11:20:53,351 [11] INFO  Lead_MGT.Controllers.LogTest 6
2020-06-16 11:20:53,406 [11] INFO  Lead_MGT.Controllers.LogTest 7
2020-06-16 11:20:53,459 [11] INFO  Lead_MGT.Controllers.LogTest 
2020-06-16 11:20:53,459 [11] INFO  Lead_MGT.Controllers.LogTest Luu DL
2020-06-16 11:21:23,756 [7] INFO  Lead_MGT.Controllers.LogTest d?c file
2020-06-16 11:21:23,756 [7] INFO  Lead_MGT.Controllers.LogTest Lay config
2020-06-16 11:21:23,757 [7] INFO  Lead_MGT.Controllers.LogTest d?c DL
2020-06-16 11:21:23,757 [7] INFO  Lead_MGT.Controllers.LogTest 1
2020-06-16 11:21:23,757 [7] INFO  Lead_MGT.Controllers.LogTest 2
2020-06-16 11:21:23,757 [7] INFO  Lead_MGT.Controllers.LogTest 3
2020-06-16 11:21:23,757 [7] INFO  Lead_MGT.Controllers.LogTest 4
2020-06-16 11:21:23,813 [7] INFO  Lead_MGT.Controllers.LogTest 5
2020-06-16 11:21:23,865 [7] INFO  Lead_MGT.Controllers.LogTest 6
2020-06-16 11:21:23,918 [7] INFO  Lead_MGT.Controllers.LogTest 7
2020-06-16 11:21:23,986 [7] INFO  Lead_MGT.Controllers.LogTest 
2020-06-16 11:21:23,987 [7] INFO  Lead_MGT.Controllers.LogTest Luu DL
2020-06-16 11:22:31,494 [7] INFO  Lead_MGT.Controllers.LogTest System.Data.Entity.Core.EntityCommandExecutionException: An error occurred while executing the command definition. See the inner exception for details. ---> System.Data.SqlClient.SqlException: A transport-level error has occurred when receiving results from the server. (provider: Session Provider, error: 19 - Physical connection is not usable)
   at System.Data.SqlClient.SqlConnection.OnError(SqlException exception, Boolean breakConnection, Action`1 wrapCloseInAction)
   at System.Data.SqlClient.SqlInternalConnection.OnError(SqlException exception, Boolean breakConnection, Action`1 wrapCloseInAction)
   at System.Data.SqlClient.TdsParser.ThrowExceptionAndWarning(TdsParserStateObject stateObj, Boolean callerHasConnectionLock, Boolean asyncClose)
   at System.Data.SqlClient.TdsParserStateObject.ReadSniError(TdsParserStateObject stateObj, UInt32 error)
   at System.Data.SqlClient.TdsParserStateObject.ReadSniSyncOverAsync()
   at System.Data.SqlClient.TdsParserStateObject.TryReadNetworkPacket()
   at System.Data.SqlClient.TdsParserStateObject.TryPrepareBuffer()
   at System.Data.SqlClient.TdsParserStateObject.TryReadByte(Byte& value)
   at System.Data.SqlClient.TdsParser.TryRun(RunBehavior runBehavior, SqlCommand cmdHandler, SqlDataReader dataStream, BulkCopySimpleResultSet bulkCopyHandler, TdsParserStateObject stateObj, Boolean& dataReady)
   at System.Data.SqlClient.SqlDataReader.TryConsumeMetaData()
   at System.Data.SqlClient.SqlDataReader.get_MetaData()
   at System.Data.SqlClient.SqlCommand.FinishExecuteReader(SqlDataReader ds, RunBehavior runBehavior, String resetOptionsString, Boolean isInternal, Boolean forDescribeParameterEncryption, Boolean shouldCacheForAlwaysEncrypted)
   at System.Data.SqlClient.SqlCommand.RunExecuteReaderTds(CommandBehavior cmdBehavior, RunBehavior runBehavior, Boolean returnStream, Boolean async, Int32 timeout, Task& task, Boolean asyncWrite, Boolean inRetry, SqlDataReader ds, Boolean describeParameterEncryptionRequest)
   at System.Data.SqlClient.SqlCommand.RunExecuteReader(CommandBehavior cmdBehavior, RunBehavior runBehavior, Boolean returnStream, String method, TaskCompletionSource`1 completion, Int32 timeout, Task& task, Boolean& usedCache, Boolean asyncWrite, Boolean inRetry)
   at System.Data.SqlClient.SqlCommand.RunExecuteReader(CommandBehavior cmdBehavior, RunBehavior runBehavior, Boolean returnStream, String method)
   at System.Data.SqlClient.SqlCommand.ExecuteReader(CommandBehavior behavior, String method)
   at System.Data.SqlClient.SqlCommand.ExecuteDbDataReader(CommandBehavior behavior)
   at System.Data.Common.DbCommand.ExecuteReader(CommandBehavior behavior)
   at System.Data.Entity.Infrastructure.Interception.DbCommandDispatcher.<Reader>b__c(DbCommand t, DbCommandInterceptionContext`1 c)
   at System.Data.Entity.Infrastructure.Interception.InternalDispatcher`1.Dispatch[TTarget,TInterceptionContext,TResult](TTarget target, Func`3 operation, TInterceptionContext interceptionContext, Action`3 executing, Action`3 executed)
   at System.Data.Entity.Infrastructure.Interception.DbCommandDispatcher.Reader(DbCommand command, DbCommandInterceptionContext interceptionContext)
   at System.Data.Entity.Internal.InterceptableDbCommand.ExecuteDbDataReader(CommandBehavior behavior)
   at System.Data.Common.DbCommand.ExecuteReader(CommandBehavior behavior)
   at System.Data.Entity.Core.EntityClient.Internal.EntityCommandDefinition.ExecuteStoreCommands(EntityCommand entityCommand, CommandBehavior behavior)
   --- End of inner exception stack trace ---
   at System.Data.Entity.Core.EntityClient.Internal.EntityCommandDefinition.ExecuteStoreCommands(EntityCommand entityCommand, CommandBehavior behavior)
   at System.Data.Entity.Core.Objects.Internal.ObjectQueryExecutionPlan.Execute[TResultType](ObjectContext context, ObjectParameterCollection parameterValues)
   at System.Data.Entity.Core.Objects.ObjectQuery`1.<>c__DisplayClass7.<GetResults>b__6()
   at System.Data.Entity.Core.Objects.ObjectContext.ExecuteInTransaction[T](Func`1 func, IDbExecutionStrategy executionStrategy, Boolean startLocalTransaction, Boolean releaseConnectionOnSuccess)
   at System.Data.Entity.Core.Objects.ObjectQuery`1.<>c__DisplayClass7.<GetResults>b__5()
   at System.Data.Entity.SqlServer.DefaultSqlExecutionStrategy.Execute[TResult](Func`1 operation)
   at System.Data.Entity.Core.Objects.ObjectQuery`1.GetResults(Nullable`1 forMergeOption)
   at System.Data.Entity.Core.Objects.ObjectQuery`1.<System.Collections.Generic.IEnumerable<T>.GetEnumerator>b__0()
   at System.Data.Entity.Internal.LazyEnumerator`1.MoveNext()
   at System.Collections.Generic.List`1..ctor(IEnumerable`1 collection)
   at System.Linq.Enumerable.ToList[TSource](IEnumerable`1 source)
   at Lead_MGTBusiness.ImportLead.ImportLeadBuiness.DeDup(List`1 lstcheck, List`1 listLeadIP) in D:\PROJECT\QLLead\QLLead\QLLead\Lead_MGTBusiness\ImportLeadBuiness\ImportLeadBuiness.cs:line 351
   at Lead_MGTBusiness.ImportLead.ImportLeadBuiness.BulkInsertLead_Import(DataTable dt, String duAn, String sanPham, String boundCode, String postDate) in D:\PROJECT\QLLead\QLLead\QLLead\Lead_MGTBusiness\ImportLeadBuiness\ImportLeadBuiness.cs:line 114
   at Lead_MGT.Controllers.ImportLeadController.Import(HttpPostedFileBase postedFile, String postDate, String duAn, String boundCode, String sanPham) in D:\PROJECT\QLLead\QLLead\QLLead\Lead_MGT\Controllers\ImportLeadController.cs:line 134
2020-06-16 11:24:51,290 [7] INFO  Lead_MGT.Controllers.LogTest d?c file
2020-06-16 11:24:51,290 [7] INFO  Lead_MGT.Controllers.LogTest Lay config
2020-06-16 11:24:51,290 [7] INFO  Lead_MGT.Controllers.LogTest d?c DL
2020-06-16 11:24:51,290 [7] INFO  Lead_MGT.Controllers.LogTest 1
2020-06-16 11:24:51,290 [7] INFO  Lead_MGT.Controllers.LogTest 2
2020-06-16 11:24:51,290 [7] INFO  Lead_MGT.Controllers.LogTest 3
2020-06-16 11:24:51,291 [7] INFO  Lead_MGT.Controllers.LogTest 4
2020-06-16 11:24:51,347 [7] INFO  Lead_MGT.Controllers.LogTest 5
2020-06-16 11:24:51,399 [7] INFO  Lead_MGT.Controllers.LogTest 6
2020-06-16 11:24:51,458 [7] INFO  Lead_MGT.Controllers.LogTest 7
2020-06-16 11:24:51,510 [7] INFO  Lead_MGT.Controllers.LogTest 
2020-06-16 11:24:51,511 [7] INFO  Lead_MGT.Controllers.LogTest Luu DL
2020-06-16 11:25:35,147 [7] INFO  Lead_MGT.Controllers.LogTest System.Data.Entity.Core.EntityException: An error occurred while starting a transaction on the provider connection. See the inner exception for details. ---> System.Data.SqlClient.SqlException: Execution Timeout Expired.  The timeout period elapsed prior to completion of the operation or the server is not responding. ---> System.ComponentModel.Win32Exception: The wait operation timed out
   --- End of inner exception stack trace ---
   at System.Data.SqlClient.SqlInternalConnection.OnError(SqlException exception, Boolean breakConnection, Action`1 wrapCloseInAction)
   at System.Data.SqlClient.TdsParser.ThrowExceptionAndWarning(TdsParserStateObject stateObj, Boolean callerHasConnectionLock, Boolean asyncClose)
   at System.Data.SqlClient.TdsParserStateObject.ReadSniError(TdsParserStateObject stateObj, UInt32 error)
   at System.Data.SqlClient.TdsParserStateObject.ReadSniSyncOverAsync()
   at System.Data.SqlClient.TdsParserStateObject.TryReadNetworkPacket()
   at System.Data.SqlClient.TdsParserStateObject.TryPrepareBuffer()
   at System.Data.SqlClient.TdsParserStateObject.TryReadByte(Byte& value)
   at System.Data.SqlClient.TdsParser.TryRun(RunBehavior runBehavior, SqlCommand cmdHandler, SqlDataReader dataStream, BulkCopySimpleResultSet bulkCopyHandler, TdsParserStateObject stateObj, Boolean& dataReady)
   at System.Data.SqlClient.TdsParser.Run(RunBehavior runBehavior, SqlCommand cmdHandler, SqlDataReader dataStream, BulkCopySimpleResultSet bulkCopyHandler, TdsParserStateObject stateObj)
   at System.Data.SqlClient.TdsParser.TdsExecuteTransactionManagerRequest(Byte[] buffer, TransactionManagerRequestType request, String transactionName, TransactionManagerIsolationLevel isoLevel, Int32 timeout, SqlInternalTransaction transaction, TdsParserStateObject stateObj, Boolean isDelegateControlRequest)
   at System.Data.SqlClient.SqlInternalConnectionTds.ExecuteTransactionYukon(TransactionRequest transactionRequest, String transactionName, IsolationLevel iso, SqlInternalTransaction internalTransaction, Boolean isDelegateControlRequest)
   at System.Data.SqlClient.SqlInternalConnectionTds.ExecuteTransaction(TransactionRequest transactionRequest, String name, IsolationLevel iso, SqlInternalTransaction internalTransaction, Boolean isDelegateControlRequest)
   at System.Data.SqlClient.SqlInternalConnection.BeginSqlTransaction(IsolationLevel iso, String transactionName, Boolean shouldReconnect)
   at System.Data.SqlClient.SqlConnection.BeginTransaction(IsolationLevel iso, String transactionName)
   at System.Data.SqlClient.SqlConnection.BeginDbTransaction(IsolationLevel isolationLevel)
   at System.Data.Common.DbConnection.BeginTransaction(IsolationLevel isolationLevel)
   at System.Data.Entity.Infrastructure.Interception.DbConnectionDispatcher.<BeginTransaction>b__0(DbConnection t, BeginTransactionInterceptionContext c)
   at System.Data.Entity.Infrastructure.Interception.InternalDispatcher`1.Dispatch[TTarget,TInterceptionContext,TResult](TTarget target, Func`3 operation, TInterceptionContext interceptionContext, Action`3 executing, Action`3 executed)
   at System.Data.Entity.Infrastructure.Interception.DbConnectionDispatcher.BeginTransaction(DbConnection connection, BeginTransactionInterceptionContext interceptionContext)
   at System.Data.Entity.Core.EntityClient.EntityConnection.<>c__DisplayClassf.<BeginDbTransaction>b__d()
   at System.Data.Entity.SqlServer.DefaultSqlExecutionStrategy.Execute[TResult](Func`1 operation)
   at System.Data.Entity.Core.EntityClient.EntityConnection.BeginDbTransaction(IsolationLevel isolationLevel)
   --- End of inner exception stack trace ---
   at System.Data.Entity.Core.EntityClient.EntityConnection.BeginDbTransaction(IsolationLevel isolationLevel)
   at System.Data.Entity.Core.EntityClient.EntityConnection.BeginTransaction()
   at System.Data.Entity.Core.Objects.ObjectContext.ExecuteInTransaction[T](Func`1 func, IDbExecutionStrategy executionStrategy, Boolean startLocalTransaction, Boolean releaseConnectionOnSuccess)
   at System.Data.Entity.Core.Objects.ObjectContext.<>c__DisplayClass59.<ExecuteStoreCommand>b__57()
   at System.Data.Entity.SqlServer.DefaultSqlExecutionStrategy.Execute[TResult](Func`1 operation)
   at System.Data.Entity.Core.Objects.ObjectContext.ExecuteStoreCommand(TransactionalBehavior transactionalBehavior, String commandText, Object[] parameters)
   at System.Data.Entity.Internal.InternalContext.ExecuteSqlCommand(TransactionalBehavior transactionalBehavior, String sql, Object[] parameters)
   at System.Data.Entity.Database.ExecuteSqlCommand(TransactionalBehavior transactionalBehavior, String sql, Object[] parameters)
   at System.Data.Entity.Database.ExecuteSqlCommand(String sql, Object[] parameters)
   at Lead_MGTBusiness.ImportLead.ImportLeadBuiness.DeDup(List`1 lstcheck, List`1 listLeadIP) in D:\PROJECT\QLLead\QLLead\QLLead\Lead_MGTBusiness\ImportLeadBuiness\ImportLeadBuiness.cs:line 340
   at Lead_MGTBusiness.ImportLead.ImportLeadBuiness.BulkInsertLead_Import(DataTable dt, String duAn, String sanPham, String boundCode, String postDate) in D:\PROJECT\QLLead\QLLead\QLLead\Lead_MGTBusiness\ImportLeadBuiness\ImportLeadBuiness.cs:line 114
   at Lead_MGT.Controllers.ImportLeadController.Import(HttpPostedFileBase postedFile, String postDate, String duAn, String boundCode, String sanPham) in D:\PROJECT\QLLead\QLLead\QLLead\Lead_MGT\Controllers\ImportLeadController.cs:line 134
2020-06-16 15:13:09,634 [68] INFO  Lead_MGT.Controllers.LogTest Info message
2020-06-16 15:13:16,897 [68] INFO  Lead_MGT.Controllers.LogTest d?c file
2020-06-16 15:13:16,897 [68] INFO  Lead_MGT.Controllers.LogTest Lay config
2020-06-16 15:13:16,897 [68] INFO  Lead_MGT.Controllers.LogTest d?c DL
2020-06-16 15:13:16,898 [68] INFO  Lead_MGT.Controllers.LogTest 1
2020-06-16 15:13:16,898 [68] INFO  Lead_MGT.Controllers.LogTest 2
2020-06-16 15:13:16,898 [68] INFO  Lead_MGT.Controllers.LogTest 3
2020-06-16 15:13:16,898 [68] INFO  Lead_MGT.Controllers.LogTest 4
2020-06-16 15:13:16,972 [68] INFO  Lead_MGT.Controllers.LogTest 5
2020-06-16 15:13:17,023 [68] INFO  Lead_MGT.Controllers.LogTest 6
2020-06-16 15:13:17,096 [68] INFO  Lead_MGT.Controllers.LogTest 7
2020-06-16 15:13:17,147 [68] INFO  Lead_MGT.Controllers.LogTest 
2020-06-16 15:13:17,149 [68] INFO  Lead_MGT.Controllers.LogTest Luu DL
2020-07-03 11:02:58,186 [6] INFO  Lead_MGT.Controllers.LogTest Info message
2020-07-06 17:42:26,202 [6] INFO  Lead_MGT.Controllers.LogTest Info message
2020-07-07 17:05:33,147 [6] INFO  Lead_MGT.Controllers.LogTest Info message
2020-07-07 17:05:42,472 [9] INFO  Lead_MGT.Controllers.LogTest ExportExcel
2020-07-07 17:05:42,522 [9] INFO  Lead_MGT.Controllers.LogTest Createfile
2020-07-07 17:05:42,524 [9] INFO  Lead_MGT.Controllers.LogTest D:\PROJECT\QLLead\QLLead\QLLead\Lead_MGT\temp\export_LeadSach385761616.csv
2020-07-07 17:05:42,524 [9] INFO  Lead_MGT.Controllers.LogTest Createfile done
2020-07-07 17:05:42,835 [9] INFO  Lead_MGT.Controllers.LogTest Excel2016
2020-07-07 17:05:43,659 [9] INFO  Lead_MGT.Controllers.LogTest save Done
